<?xml version="1.0" encoding="UTF-8"?>
<!-- Generated by org.testng.reporters.JUnitReportReporter -->
<testsuite skipped="0" hostname="AvichaiDavidi" name="saucedemo.com.tests.LoginTest" tests="6" failures="0" timestamp="05 פבר 2019 09:41:39 GMT" time="28.439" errors="0">
  <testcase name="loginTests" time="2.320" classname="saucedemo.com.tests.LoginTest"/>
  <testcase name="loginTests" time="2.311" classname="saucedemo.com.tests.LoginTest"/>
  <testcase name="loginTests" time="2.318" classname="saucedemo.com.tests.LoginTest"/>
  <testcase name="loginTests" time="2.373" classname="saucedemo.com.tests.LoginTest"/>
  <testcase name="loginTests" time="2.506" classname="saucedemo.com.tests.LoginTest"/>
  <testcase name="loginTests" time="16.611" classname="saucedemo.com.tests.LoginTest"/>
</testsuite> <!-- saucedemo.com.tests.LoginTest -->
