<?xml version="1.0" encoding="UTF-8"?>
<!-- Generated by org.testng.reporters.JUnitReportReporter -->
<testsuite skipped="0" hostname="AvichaiDavidi" name="saucedemo.com.tests.AllItemsTest" tests="10" failures="0" timestamp="30 דצמ 2018 19:18:36 GMT" time="0.644" errors="0">
  <testcase name="titleTest" time="0.018" classname="saucedemo.com.tests.AllItemsTest"/>
  <testcase name="headerTest" time="0.046" classname="saucedemo.com.tests.AllItemsTest"/>
  <testcase name="burgerButtonTest" time="0.026" classname="saucedemo.com.tests.AllItemsTest"/>
  <testcase name="burgerMenuTest" time="0.040" classname="saucedemo.com.tests.AllItemsTest"/>
  <testcase name="burgerItemListTest" time="0.024" classname="saucedemo.com.tests.AllItemsTest"/>
  <testcase name="burgerCloseTest" time="0.023" classname="saucedemo.com.tests.AllItemsTest"/>
  <testcase name="allItemsLinkTest" time="0.324" classname="saucedemo.com.tests.AllItemsTest"/>
  <testcase name="aboutLinkTest" time="0.050" classname="saucedemo.com.tests.AllItemsTest"/>
  <testcase name="resetLinkTest" time="0.049" classname="saucedemo.com.tests.AllItemsTest"/>
  <testcase name="logoutTest" time="0.044" classname="saucedemo.com.tests.AllItemsTest"/>
</testsuite> <!-- saucedemo.com.tests.AllItemsTest -->
