<?xml version="1.0" encoding="UTF-8"?>
<!-- Generated by org.testng.reporters.JUnitReportReporter -->
<testsuite skipped="0" hostname="AvichaiDavidi" name="saucedemo.com.tests.TestNGTest" tests="6" failures="1" timestamp="18 דצמ 2018 12:20:29 GMT" time="26.636" errors="0">
  <testcase name="title_Test" time="0.029" classname="saucedemo.com.tests.TestNGTest">
    <failure type="java.lang.AssertionError" message="expected [Swag Labs] but found [Swag Lab]">
      <![CDATA[java.lang.AssertionError: expected [Swag Labs] but found [Swag Lab]
at org.testng.Assert.fail(Assert.java:96)
at org.testng.Assert.failNotEquals(Assert.java:776)
at org.testng.Assert.assertEqualsImpl(Assert.java:137)
at org.testng.Assert.assertEquals(Assert.java:118)
at org.testng.Assert.assertEquals(Assert.java:453)
at org.testng.Assert.assertEquals(Assert.java:463)
at saucedemo.com.pageobjects.BasePage.titleTest(BasePage.java:22)
at saucedemo.com.tests.TestNGTest.title_Test(TestNGTest.java:20)
at sun.reflect.NativeMethodAccessorImpl.invoke0(Native Method)
at sun.reflect.NativeMethodAccessorImpl.invoke(Unknown Source)
at sun.reflect.DelegatingMethodAccessorImpl.invoke(Unknown Source)
at java.lang.reflect.Method.invoke(Unknown Source)
at org.testng.internal.MethodInvocationHelper.invokeMethod(MethodInvocationHelper.java:124)
at org.testng.internal.Invoker.invokeMethod(Invoker.java:580)
at org.testng.internal.Invoker.invokeTestMethod(Invoker.java:716)
at org.testng.internal.Invoker.invokeTestMethods(Invoker.java:988)
at org.testng.internal.TestMethodWorker.invokeTestMethods(TestMethodWorker.java:125)
at org.testng.internal.TestMethodWorker.run(TestMethodWorker.java:109)
at java.util.concurrent.ThreadPoolExecutor.runWorker(Unknown Source)
at java.util.concurrent.ThreadPoolExecutor$Worker.run(Unknown Source)
at java.lang.Thread.run(Unknown Source)
]]>
    </failure>
  </testcase> <!-- title_Test -->
  <testcase name="loginFailed" time="5.919" classname="saucedemo.com.tests.TestNGTest"/>
  <testcase name="loginFailed" time="5.255" classname="saucedemo.com.tests.TestNGTest"/>
  <testcase name="loginFailed" time="5.380" classname="saucedemo.com.tests.TestNGTest"/>
  <testcase name="loginFailed" time="5.390" classname="saucedemo.com.tests.TestNGTest"/>
  <testcase name="loginSucceeded" time="4.663" classname="saucedemo.com.tests.TestNGTest"/>
</testsuite> <!-- saucedemo.com.tests.TestNGTest -->
